<?xml version="1.0" encoding="UTF-8"?>
<!-- Generated by org.testng.reporters.JUnitReportReporter -->
<testsuite hostname="Lenovo" failures="0" tests="1" name="testCases.TC001_AccountRegistrationTest" time="10.376" errors="0" timestamp="2025-02-25T08:19:36 GMT-08:00" skipped="0">
  <testcase classname="testCases.TC001_AccountRegistrationTest" name="verify_account_registration" time="10.376"/>
</testsuite> <!-- testCases.TC001_AccountRegistrationTest -->
